<?xml version="1.0" encoding="UTF-8"?>
<!-- Generated by org.testng.reporters.JUnitReportReporter -->
<testsuite skipped="0" hostname="komal" name="TestSuites.Assesment" tests="2" failures="0" timestamp="2021-03-22T08:52:13 IST" time="34.559" errors="0">
  <testcase name="testcase1" time="18.116" classname="TestSuites.Assesment"/>
  <testcase name="testcase2" time="16.443" classname="TestSuites.Assesment"/>
</testsuite> <!-- TestSuites.Assesment -->
