<?xml version="1.0" encoding="UTF-8"?>
<!-- Generated by org.testng.reporters.JUnitReportReporter -->
<testsuite skipped="0" hostname="komal" name="TestSuites.Assesment" tests="2" failures="0" timestamp="2021-03-22T09:26:34 IST" time="42.158" errors="0">
  <testcase name="testcase1" time="7.829" classname="TestSuites.Assesment"/>
  <testcase name="testcase2" time="34.329" classname="TestSuites.Assesment"/>
</testsuite> <!-- TestSuites.Assesment -->
